<?xml version="1.0" encoding="UTF-8"?>
<!-- Generated by org.testng.reporters.JUnitReportReporter -->
<testsuite hostname="user1" failures="0" tests="1" name="parallelScrips.sampleTestThree" time="2.947" errors="0" timestamp="2025-04-03T14:52:57 IST" skipped="0">
  <testcase classname="parallelScrips.sampleTestThree" name="testOne" time="2.947"/>
</testsuite> <!-- parallelScrips.sampleTestThree -->
