<?xml version="1.0" encoding="UTF-8"?>
<!-- Generated by org.testng.reporters.JUnitReportReporter -->
<testsuite hostname="user1" failures="0" tests="1" name="testScripts.GooglePageTest" time="8.072" errors="0" timestamp="2025-04-01T17:14:21 IST" skipped="0">
  <testcase classname="testScripts.GooglePageTest" name="seleniumSearch" time="8.072"/>
</testsuite> <!-- testScripts.GooglePageTest -->
