<?xml version="1.0" encoding="UTF-8"?>
<!-- Generated by org.testng.reporters.JUnitReportReporter -->
<testsuite hostname="user1" failures="0" tests="1" name="testScripts.WindowHandles" time="47.459" errors="0" timestamp="2025-04-01T17:14:22 IST" skipped="0">
  <testcase classname="testScripts.WindowHandles" name="f" time="47.459"/>
</testsuite> <!-- testScripts.WindowHandles -->
