<?xml version="1.0" encoding="UTF-8"?>
<!-- Generated by org.testng.reporters.JUnitReportReporter -->
<testsuite hostname="user1" failures="0" tests="1" name="testScripts.SeleniumMethods" time="14.918" errors="0" timestamp="2025-03-27T15:12:02 IST" skipped="0">
  <testcase classname="testScripts.SeleniumMethods" name="Selmethods" time="14.918"/>
</testsuite> <!-- testScripts.SeleniumMethods -->
