<?xml version="1.0" encoding="UTF-8"?>
<!-- Generated by org.testng.reporters.JUnitReportReporter -->
<testsuite hostname="user1" failures="0" tests="1" name="testScripts.DynamicTest" time="9.169" errors="0" timestamp="2025-03-27T17:05:51 IST" skipped="0">
  <testcase classname="testScripts.DynamicTest" name="DemoBlaze" time="9.169"/>
</testsuite> <!-- testScripts.DynamicTest -->
