<?xml version="1.0" encoding="UTF-8"?>
<!-- Generated by org.testng.reporters.JUnitReportReporter -->
<testsuite hostname="user1" failures="0" tests="1" name="testScripts.DynamicTest" time="9.298" errors="0" timestamp="2025-04-01T17:14:21 IST" skipped="0">
  <testcase classname="testScripts.DynamicTest" name="DemoBlaze" time="9.298"/>
</testsuite> <!-- testScripts.DynamicTest -->
