<?xml version="1.0" encoding="UTF-8"?>
<!-- Generated by org.testng.reporters.JUnitReportReporter -->
<testsuite hostname="user1" failures="0" tests="1" name="testScripts.WebTableTest" time="6.242" errors="0" timestamp="2025-03-25T16:41:25 IST" skipped="0">
  <testcase classname="testScripts.WebTableTest" name="f" time="6.242"/>
</testsuite> <!-- testScripts.WebTableTest -->
