<?xml version="1.0" encoding="UTF-8"?>
<!-- Generated by org.testng.reporters.JUnitReportReporter -->
<testsuite hostname="user1" failures="0" tests="1" name="testScripts.Dropdowns" time="9.296" errors="0" timestamp="2025-03-27T18:11:55 IST" skipped="0">
  <testcase classname="testScripts.Dropdowns" name="dropdwn" time="9.296"/>
</testsuite> <!-- testScripts.Dropdowns -->
