<?xml version="1.0" encoding="UTF-8"?>
<!-- Generated by org.testng.reporters.JUnitReportReporter -->
<testsuite hostname="user1" failures="0" tests="2" name="testScripts2.testSampleTwo" time="0.012" errors="0" timestamp="2025-04-02T16:38:17 IST" skipped="0">
  <testcase classname="testScripts2.testSampleTwo" name="testTwo" time="0.006"/>
  <testcase classname="testScripts2.testSampleTwo" name="testThree" time="0.006"/>
</testsuite> <!-- testScripts2.testSampleTwo -->
