<?xml version="1.0" encoding="UTF-8"?>
<!-- Generated by org.testng.reporters.JUnitReportReporter -->
<testsuite hostname="user1" failures="0" tests="1" name="testScripts.RelativeLocatorTest" time="4.667" errors="0" timestamp="2025-03-25T17:56:35 IST" skipped="0">
  <testcase classname="testScripts.RelativeLocatorTest" name="RelativeLocator" time="4.667"/>
</testsuite> <!-- testScripts.RelativeLocatorTest -->
