<?xml version="1.0" encoding="UTF-8"?>
<!-- Generated by org.testng.reporters.JUnitReportReporter -->
<testsuite hostname="user1" failures="0" tests="8" name="parallelScrips.sampleTestFour" time="3.374" errors="0" timestamp="2025-04-03T15:01:02 IST" skipped="0">
  <testcase classname="parallelScrips.sampleTestFour" name="testOne" time="2.128"/>
  <testcase classname="parallelScrips.sampleTestFour" name="testThree" time="0.005"/>
  <testcase classname="parallelScrips.sampleTestFour" name="testThree" time="0.006"/>
  <testcase classname="parallelScrips.sampleTestFour" name="testThree" time="0.004"/>
  <testcase classname="parallelScrips.sampleTestFour" name="testThree" time="0.004"/>
  <testcase classname="parallelScrips.sampleTestFour" name="testThree" time="0.003"/>
  <testcase classname="parallelScrips.sampleTestFour" name="testThree" time="0.013"/>
  <testcase classname="parallelScrips.sampleTestFour" name="testTwo" time="1.211"/>
</testsuite> <!-- parallelScrips.sampleTestFour -->
