<?xml version="1.0" encoding="UTF-8"?>
<!-- Generated by org.testng.reporters.JUnitReportReporter -->
<testsuite hostname="user1" failures="0" tests="1" name="testScripts.LoginTest" time="9.482" errors="0" timestamp="2025-04-03T17:35:23 IST" skipped="0">
  <testcase classname="testScripts.LoginTest" name="validLogin" time="9.482"/>
</testsuite> <!-- testScripts.LoginTest -->
