<?xml version="1.0" encoding="UTF-8"?>
<!-- Generated by org.testng.reporters.JUnitReportReporter -->
<testsuite hostname="user1" failures="0" tests="1" name="testScripts.RelativeLocatorTest" time="6.769" errors="0" timestamp="2025-03-27T15:46:33 IST" skipped="0">
  <testcase classname="testScripts.RelativeLocatorTest" name="RelativeLocator" time="6.769"/>
</testsuite> <!-- testScripts.RelativeLocatorTest -->
