<?xml version="1.0" encoding="UTF-8"?>
<!-- Generated by org.testng.reporters.JUnitReportReporter -->
<testsuite hostname="user1" failures="0" tests="1" name="testScripts.JavaScript" time="5.994" errors="0" timestamp="2025-04-01T17:56:24 IST" skipped="0">
  <testcase classname="testScripts.JavaScript" name="JSexecutor" time="5.994"/>
</testsuite> <!-- testScripts.JavaScript -->
