<?xml version="1.0" encoding="UTF-8"?>
<!-- Generated by org.testng.reporters.JUnitReportReporter -->
<testsuite hostname="user1" failures="0" tests="1" name="testScripts.RelativeLocatorTest" time="7.339" errors="0" timestamp="2025-04-01T17:14:22 IST" skipped="0">
  <testcase classname="testScripts.RelativeLocatorTest" name="RelativeLocator" time="7.339"/>
</testsuite> <!-- testScripts.RelativeLocatorTest -->
