<?xml version="1.0" encoding="UTF-8"?>
<!-- Generated by org.testng.reporters.JUnitReportReporter -->
<testsuite hostname="user1" failures="0" tests="1" name="testScripts.iFramesTooltip" time="0.006" errors="0" timestamp="2025-04-01T17:14:22 IST" skipped="0">
  <testcase classname="testScripts.iFramesTooltip" name="f" time="0.006"/>
</testsuite> <!-- testScripts.iFramesTooltip -->
